<?xml version="1.0" encoding="UTF-8"?>
<testng-results ignored="0" total="1" passed="1" failed="0" skipped="0">
  <reporter-output>
  </reporter-output>
  <suite started-at="2025-03-10T21:50:16 IST" name="Login Suite" finished-at="2025-03-10T21:50:20 IST" duration-ms="3956">
    <groups>
    </groups>
    <test started-at="2025-03-10T21:50:16 IST" name="LoginTests" finished-at="2025-03-10T21:50:20 IST" duration-ms="3956">
      <class name="tests.LoginTest">
        <test-method is-config="true" signature="setUp()[pri:0, instance:tests.LoginTest@6f1de4c7]" started-at="2025-03-10T21:50:16 IST" name="setUp" finished-at="2025-03-10T21:50:19 IST" duration-ms="2940" status="PASS">
          <reporter-output>
          </reporter-output>
        </test-method> <!-- setUp -->
        <test-method signature="testValidLogin()[pri:0, instance:tests.LoginTest@6f1de4c7]" started-at="2025-03-10T21:50:19 IST" name="testValidLogin" finished-at="2025-03-10T21:50:19 IST" duration-ms="785" status="PASS">
          <reporter-output>
          </reporter-output>
        </test-method> <!-- testValidLogin -->
        <test-method is-config="true" signature="tearDown()[pri:0, instance:tests.LoginTest@6f1de4c7]" started-at="2025-03-10T21:50:19 IST" name="tearDown" finished-at="2025-03-10T21:50:20 IST" duration-ms="186" status="PASS">
          <reporter-output>
          </reporter-output>
        </test-method> <!-- tearDown -->
      </class> <!-- tests.LoginTest -->
    </test> <!-- LoginTests -->
  </suite> <!-- Login Suite -->
</testng-results>
